<?xml version="1.0" encoding="UTF-8"?>
<!-- Generated by org.testng.reporters.JUnitXMLReporter -->
<testsuite ignored="0" hostname="Suvi" failures="0" tests="3" name="Default test" time="16.848" errors="0" timestamp="2023-07-11T23:37:19 AEST">
  <testcase classname="test_Cases.Login_Test_Cases" name="Verify_Login" time="0.782"/>
  <testcase classname="test_Cases.Login_Test_Cases" name="Verify_Login" time="1.076"/>
  <testcase classname="test_Cases.Login_Test_Cases" name="Verify_Login" time="0.884"/>
</testsuite> <!-- Default test -->
