<?xml version="1.0" encoding="UTF-8"?>
<!-- Generated by org.testng.reporters.JUnitXMLReporter -->
<testsuite ignored="0" hostname="Suvi" failures="0" tests="4" name="Test" time="31.955" errors="0" timestamp="2023-07-12T11:00:55 AEST">
  <testcase classname="test_Cases.Login_Test_Cases" name="Verify_Login" time="0.677"/>
  <testcase classname="test_Cases.Login_Test_Cases" name="Verify_Login" time="0.63"/>
  <testcase classname="test_Cases.Login_Test_Cases" name="Verify_Login" time="0.663"/>
  <testcase classname="test_Cases.Signup_Test_Cases" name="Signup_Verification" time="11.55"/>
</testsuite> <!-- Test -->
